<?xml version="1.0" encoding="UTF-8"?>
<!-- Generated by org.testng.reporters.JUnitReportReporter -->
<testsuite hostname="Macs-MacBook-Pro.local" failures="0" tests="1" name="com.w3schools.tests.LoginTest" time="16.347" errors="0" timestamp="2023-05-09T16:41:09 IST" skipped="0">
  <testcase classname="com.w3schools.tests.LoginTest" name="loginW3Schools" time="16.347"/>
  <system-out/>
</testsuite> <!-- com.w3schools.tests.LoginTest -->
